CONFIG
├── datamodule
│   └── _target_: src.datamodules.time_datamodule.TimeDataModule                                    
│       data_dir: /content/FYP/classification-clean/data//Heatwave_new_1week_oversampling_bilstm    
│       save_dir: /content/FYP/classification-clean/logs/Heatwave_new_1week_oversampling_bilstm_Clas
│       train_batch_size: 128                                                                       
│       val_batch_size: 1                                                                           
│       feature_name: signal                                                                        
│       target_name: target                                                                         
│       id_name: noun_id                                                                            
│                                                                                                   
├── model
│   └── _target_: src.models.time_module.TSModule                                                   
│       save_dir: /content/FYP/classification-clean/logs/Heatwave_new_1week_oversampling_bilstm_Clas
│       optimizer:                                                                                  
│         _target_: torch.optim.Adam                                                                
│         _partial_: true                                                                           
│         lr: 0.07795063059903629                                                                   
│         weight_decay: 0.001                                                                       
│       scheduler:                                                                                  
│         _target_: torch.optim.lr_scheduler.ReduceLROnPlateau                                      
│         _partial_: true                                                                           
│         mode: min                                                                                 
│         factor: 0.1                                                                               
│         patience: 50                                                                              
│       net:                                                                                        
│         _target_: src.models.components.bilstm_model.BiLstmModel                                  
│         input_size: 0                                                                             
│         output_size: 0                                                                            
│         act_fn_name: relu                                                                         
│         cell_array:                                                                               
│         - 64                                                                                      
│         - 128                                                                                     
│         - 64                                                                                      
│         dropout: 0                                                                                
│                                                                                                   
├── callbacks
│   └── model_checkpoint:                                                                           
│         _target_: lightning.pytorch.callbacks.ModelCheckpoint                                     
│         dirpath: /content/FYP/classification-clean/logs/Heatwave_new_1week_oversampling_bilstm_Cla
│         filename: epoch_{epoch:03d}                                                               
│         monitor: val/acc                                                                          
│         verbose: false                                                                            
│         save_last: true                                                                           
│         save_top_k: 1                                                                             
│         mode: max                                                                                 
│         auto_insert_metric_name: false                                                            
│         save_weights_only: false                                                                  
│         every_n_train_steps: null                                                                 
│         train_time_interval: null                                                                 
│         every_n_epochs: null                                                                      
│         save_on_train_epoch_end: null                                                             
│       early_stopping:                                                                             
│         _target_: lightning.pytorch.callbacks.EarlyStopping                                       
│         monitor: val/acc                                                                          
│         min_delta: 0.0                                                                            
│         patience: 10                                                                              
│         verbose: false                                                                            
│         mode: max                                                                                 
│         strict: true                                                                              
│         check_finite: true                                                                        
│         stopping_threshold: null                                                                  
│         divergence_threshold: null                                                                
│         check_on_train_epoch_end: null                                                            
│       model_summary:                                                                              
│         _target_: lightning.pytorch.callbacks.RichModelSummary                                    
│         max_depth: -1                                                                             
│       rich_progress_bar:                                                                          
│         _target_: lightning.pytorch.callbacks.RichProgressBar                                     
│                                                                                                   
├── trainer
│   └── _target_: lightning.pytorch.trainer.Trainer                                                 
│       default_root_dir: /content/FYP/classification-clean/logs/Heatwave_new_1week_oversampling_bil
│       min_epochs: 50                                                                              
│       max_epochs: 300                                                                             
│       accelerator: gpu                                                                            
│       devices: 1                                                                                  
│       check_val_every_n_epoch: 1                                                                  
│       log_every_n_steps: 20                                                                       
│       deterministic: true                                                                         
│                                                                                                   
├── paths
│   └── root_dir: /content/FYP/classification-clean                                                 
│       data_dir: /content/FYP/classification-clean/data/                                           
│       log_dir: /content/FYP/classification-clean/logs/                                            
│       output_dir: /content/FYP/classification-clean/logs/Heatwave_new_1week_oversampling_bilstm_Cl
│       work_dir: /content/FYP/classification-clean                                                 
│                                                                                                   
├── extras
│   └── ignore_warnings: true                                                                       
│       enforce_tags: true                                                                          
│       print_config: true                                                                          
│                                                                                                   
├── task_name
│   └── Heatwave_new_1week_oversampling_bilstm_Classification_train                                 
├── tags
│   └── ['Heatwave', 'bilstm', '1week', 'hw1SD', 'oversampling']                                    
├── train
│   └── True                                                                                        
├── test
│   └── True                                                                                        
├── ckpt_path
│   └── None                                                                                        
├── seed
│   └── 1234                                                                                        
└── optimized_metric
    └── val/acc_best                                                                                
