[2025-01-01 11:15:48,244][src.utils.utils][INFO] - Disabling python warnings! <cfg.extras.ignore_warnings=True>
[2025-01-01 11:15:48,244][src.utils.utils][INFO] - Enforcing tags! <cfg.extras.enforce_tags=True>
[2025-01-01 11:15:48,249][src.utils.utils][INFO] - Printing config tree with Rich! <cfg.extras.print_config=True>
[2025-01-01 11:15:48,249][src.utils.rich_utils][WARNING] - Field 'logger' not found in config. Skipping 'logger' config printing...
[2025-01-01 11:15:48,376][__main__][INFO] - Instantiating datamodule <src.datamodules.time_datamodule.TimeDataModule>
[2025-01-01 11:15:48,452][__main__][INFO] - Instantiating model <src.models.time_module.TSModule>
[2025-01-01 11:15:48,513][__main__][INFO] - Instantiating callbacks...
[2025-01-01 11:15:48,513][src.utils.instantiators][INFO] - Instantiating callback <lightning.pytorch.callbacks.ModelCheckpoint>
[2025-01-01 11:15:48,516][src.utils.instantiators][INFO] - Instantiating callback <lightning.pytorch.callbacks.EarlyStopping>
[2025-01-01 11:15:48,517][src.utils.instantiators][INFO] - Instantiating callback <lightning.pytorch.callbacks.RichModelSummary>
[2025-01-01 11:15:48,518][src.utils.instantiators][INFO] - Instantiating callback <lightning.pytorch.callbacks.RichProgressBar>
[2025-01-01 11:15:48,518][__main__][INFO] - Instantiating loggers...
[2025-01-01 11:15:48,519][src.utils.instantiators][WARNING] - No logger configs found! Skipping...
[2025-01-01 11:15:48,519][__main__][INFO] - Instantiating trainer <lightning.pytorch.trainer.Trainer>
[2025-01-01 11:15:48,564][__main__][INFO] - Starting training!
[2025-01-01 11:17:30,217][__main__][INFO] - Starting testing!
[2025-01-01 11:17:31,556][__main__][INFO] - Best ckpt path: /content/classification-clean/logs/UCR_Blink_train/runs/2025-01-01_11-15-48/checkpoints/epoch_031.ckpt
[2025-01-01 11:17:31,557][src.utils.utils][INFO] - Output dir: /content/classification-clean/logs/UCR_Blink_train/runs/2025-01-01_11-15-48
[2025-01-01 11:17:34,012][src.utils.utils][INFO] - Metric name is None! Skipping metric value retrieval...
[2025-01-07 10:59:05,561][src.utils.utils][INFO] - Disabling python warnings! <cfg.extras.ignore_warnings=True>
[2025-01-07 10:59:05,561][src.utils.utils][INFO] - Enforcing tags! <cfg.extras.enforce_tags=True>
[2025-01-07 10:59:05,567][src.utils.utils][INFO] - Printing config tree with Rich! <cfg.extras.print_config=True>
[2025-01-07 10:59:05,567][src.utils.rich_utils][WARNING] - Field 'logger' not found in config. Skipping 'logger' config printing...
[2025-01-07 10:59:05,725][__main__][INFO] - Instantiating datamodule <src.datamodules.time_datamodule.TimeDataModule>
[2025-01-07 10:59:05,808][__main__][INFO] - Instantiating model <src.models.time_module.TSModule>
[2025-01-07 10:59:05,860][__main__][INFO] - Instantiating callbacks...
[2025-01-07 10:59:05,860][src.utils.instantiators][INFO] - Instantiating callback <lightning.pytorch.callbacks.ModelCheckpoint>
[2025-01-07 10:59:05,864][src.utils.instantiators][INFO] - Instantiating callback <lightning.pytorch.callbacks.EarlyStopping>
[2025-01-07 10:59:05,865][src.utils.instantiators][INFO] - Instantiating callback <lightning.pytorch.callbacks.RichModelSummary>
[2025-01-07 10:59:05,866][src.utils.instantiators][INFO] - Instantiating callback <lightning.pytorch.callbacks.RichProgressBar>
[2025-01-07 10:59:05,866][__main__][INFO] - Instantiating loggers...
[2025-01-07 10:59:05,866][src.utils.instantiators][WARNING] - No logger configs found! Skipping...
[2025-01-07 10:59:05,867][__main__][INFO] - Instantiating trainer <lightning.pytorch.trainer.Trainer>
[2025-01-07 10:59:05,911][__main__][INFO] - Starting training!
[2025-01-07 11:24:40,411][__main__][INFO] - Starting testing!
[2025-01-07 11:25:15,534][__main__][INFO] - Best ckpt path: /content/FYP/classification-clean/logs/Heatwave_Classification_train/runs/2025-01-07_10-59-05/checkpoints/epoch_000.ckpt
[2025-01-07 11:25:15,536][src.utils.utils][INFO] - Output dir: /content/FYP/classification-clean/logs/Heatwave_Classification_train/runs/2025-01-07_10-59-05
[2025-01-07 11:25:17,352][src.utils.utils][INFO] - Metric name is None! Skipping metric value retrieval...
[2025-01-07 15:59:56,797][src.utils.utils][INFO] - Disabling python warnings! <cfg.extras.ignore_warnings=True>
[2025-01-07 15:59:56,797][src.utils.utils][INFO] - Enforcing tags! <cfg.extras.enforce_tags=True>
[2025-01-07 15:59:56,802][src.utils.utils][INFO] - Printing config tree with Rich! <cfg.extras.print_config=True>
[2025-01-07 15:59:56,803][src.utils.rich_utils][WARNING] - Field 'logger' not found in config. Skipping 'logger' config printing...
[2025-01-07 15:59:56,906][__main__][INFO] - Instantiating datamodule <src.datamodules.time_datamodule.TimeDataModule>
[2025-01-07 15:59:56,993][__main__][INFO] - Instantiating model <src.models.time_module.TSModule>
[2025-01-07 15:59:57,044][__main__][INFO] - Instantiating callbacks...
[2025-01-07 15:59:57,045][src.utils.instantiators][INFO] - Instantiating callback <lightning.pytorch.callbacks.ModelCheckpoint>
[2025-01-07 15:59:57,048][src.utils.instantiators][INFO] - Instantiating callback <lightning.pytorch.callbacks.EarlyStopping>
[2025-01-07 15:59:57,049][src.utils.instantiators][INFO] - Instantiating callback <lightning.pytorch.callbacks.RichModelSummary>
[2025-01-07 15:59:57,050][src.utils.instantiators][INFO] - Instantiating callback <lightning.pytorch.callbacks.RichProgressBar>
[2025-01-07 15:59:57,050][__main__][INFO] - Instantiating loggers...
[2025-01-07 15:59:57,051][src.utils.instantiators][WARNING] - No logger configs found! Skipping...
[2025-01-07 15:59:57,051][__main__][INFO] - Instantiating trainer <lightning.pytorch.trainer.Trainer>
[2025-01-07 15:59:57,104][__main__][INFO] - Starting training!
[2025-01-07 16:25:52,911][__main__][INFO] - Starting testing!
[2025-01-07 16:26:30,113][__main__][INFO] - Best ckpt path: /content/FYP/classification-clean/logs/Heatwave_3weeks_Classification_train/runs/2025-01-07_15-59-56/checkpoints/epoch_000.ckpt
[2025-01-07 16:26:30,115][src.utils.utils][INFO] - Output dir: /content/FYP/classification-clean/logs/Heatwave_3weeks_Classification_train/runs/2025-01-07_15-59-56
[2025-01-07 16:26:31,690][src.utils.utils][INFO] - Metric name is None! Skipping metric value retrieval...
[2025-01-08 12:55:46,919][src.utils.utils][INFO] - Disabling python warnings! <cfg.extras.ignore_warnings=True>
[2025-01-08 12:55:46,920][src.utils.utils][INFO] - Enforcing tags! <cfg.extras.enforce_tags=True>
[2025-01-08 12:55:46,925][src.utils.utils][INFO] - Printing config tree with Rich! <cfg.extras.print_config=True>
[2025-01-08 12:55:46,926][src.utils.rich_utils][WARNING] - Field 'logger' not found in config. Skipping 'logger' config printing...
[2025-01-08 12:55:47,041][__main__][INFO] - Instantiating datamodule <src.datamodules.time_datamodule.TimeDataModule>
[2025-01-08 12:55:47,102][__main__][INFO] - Instantiating model <src.models.time_module.TSModule>
[2025-01-08 12:55:47,155][__main__][INFO] - Instantiating callbacks...
[2025-01-08 12:55:47,156][src.utils.instantiators][INFO] - Instantiating callback <lightning.pytorch.callbacks.ModelCheckpoint>
[2025-01-08 12:55:47,159][src.utils.instantiators][INFO] - Instantiating callback <lightning.pytorch.callbacks.EarlyStopping>
[2025-01-08 12:55:47,160][src.utils.instantiators][INFO] - Instantiating callback <lightning.pytorch.callbacks.RichModelSummary>
[2025-01-08 12:55:47,161][src.utils.instantiators][INFO] - Instantiating callback <lightning.pytorch.callbacks.RichProgressBar>
[2025-01-08 12:55:47,161][__main__][INFO] - Instantiating loggers...
[2025-01-08 12:55:47,161][src.utils.instantiators][WARNING] - No logger configs found! Skipping...
[2025-01-08 12:55:47,161][__main__][INFO] - Instantiating trainer <lightning.pytorch.trainer.Trainer>
[2025-01-08 12:55:47,206][__main__][INFO] - Starting training!
[2025-01-08 13:03:34,986][__main__][INFO] - Starting testing!
[2025-01-08 13:03:42,631][__main__][INFO] - Best ckpt path: /content/FYP/classification-clean/logs/Heatwave_2weeks_MJJAS_hw1SD_Classification_train/runs/2025-01-08_12-55-46/checkpoints/epoch_000.ckpt
[2025-01-08 13:03:42,633][src.utils.utils][INFO] - Output dir: /content/FYP/classification-clean/logs/Heatwave_2weeks_MJJAS_hw1SD_Classification_train/runs/2025-01-08_12-55-46
[2025-01-08 13:03:44,354][src.utils.utils][INFO] - Metric name is None! Skipping metric value retrieval...
[2025-01-08 13:16:52,956][src.utils.utils][INFO] - Disabling python warnings! <cfg.extras.ignore_warnings=True>
[2025-01-08 13:16:52,956][src.utils.utils][INFO] - Enforcing tags! <cfg.extras.enforce_tags=True>
[2025-01-08 13:16:52,962][src.utils.utils][INFO] - Printing config tree with Rich! <cfg.extras.print_config=True>
[2025-01-08 13:16:52,962][src.utils.rich_utils][WARNING] - Field 'logger' not found in config. Skipping 'logger' config printing...
[2025-01-08 13:16:53,096][__main__][INFO] - Instantiating datamodule <src.datamodules.time_datamodule.TimeDataModule>
[2025-01-08 13:16:53,126][__main__][INFO] - Instantiating model <src.models.time_module.TSModule>
[2025-01-08 13:16:53,144][__main__][INFO] - Instantiating callbacks...
[2025-01-08 13:16:53,144][src.utils.instantiators][INFO] - Instantiating callback <lightning.pytorch.callbacks.ModelCheckpoint>
[2025-01-08 13:16:53,147][src.utils.instantiators][INFO] - Instantiating callback <lightning.pytorch.callbacks.EarlyStopping>
[2025-01-08 13:16:53,149][src.utils.instantiators][INFO] - Instantiating callback <lightning.pytorch.callbacks.RichModelSummary>
[2025-01-08 13:16:53,149][src.utils.instantiators][INFO] - Instantiating callback <lightning.pytorch.callbacks.RichProgressBar>
[2025-01-08 13:16:53,150][__main__][INFO] - Instantiating loggers...
[2025-01-08 13:16:53,150][src.utils.instantiators][WARNING] - No logger configs found! Skipping...
[2025-01-08 13:16:53,150][__main__][INFO] - Instantiating trainer <lightning.pytorch.trainer.Trainer>
[2025-01-08 13:16:53,201][__main__][INFO] - Starting training!
[2025-01-08 13:24:59,270][__main__][INFO] - Starting testing!
[2025-01-08 13:25:07,516][__main__][INFO] - Best ckpt path: /content/FYP/classification-clean/logs/Heatwave_2weeks_MJJAS_hw1SD_Classification_train/runs/2025-01-08_13-16-52/checkpoints/epoch_000.ckpt
[2025-01-08 13:25:07,518][src.utils.utils][INFO] - Output dir: /content/FYP/classification-clean/logs/Heatwave_2weeks_MJJAS_hw1SD_Classification_train/runs/2025-01-08_13-16-52
[2025-01-08 13:25:08,271][src.utils.utils][INFO] - Metric name is None! Skipping metric value retrieval...
[2025-01-08 14:03:11,120][src.utils.utils][INFO] - Disabling python warnings! <cfg.extras.ignore_warnings=True>
[2025-01-08 14:03:11,120][src.utils.utils][INFO] - Enforcing tags! <cfg.extras.enforce_tags=True>
[2025-01-08 14:03:11,133][src.utils.utils][INFO] - Printing config tree with Rich! <cfg.extras.print_config=True>
[2025-01-08 14:03:11,134][src.utils.rich_utils][WARNING] - Field 'logger' not found in config. Skipping 'logger' config printing...
[2025-01-08 14:03:11,310][__main__][INFO] - Instantiating datamodule <src.datamodules.time_datamodule.TimeDataModule>
[2025-01-08 14:03:11,375][__main__][INFO] - Instantiating model <src.models.time_module.TSModule>
[2025-01-08 14:03:11,411][__main__][INFO] - Instantiating callbacks...
[2025-01-08 14:03:11,412][src.utils.instantiators][INFO] - Instantiating callback <lightning.pytorch.callbacks.ModelCheckpoint>
[2025-01-08 14:03:11,417][src.utils.instantiators][INFO] - Instantiating callback <lightning.pytorch.callbacks.EarlyStopping>
[2025-01-08 14:03:11,419][src.utils.instantiators][INFO] - Instantiating callback <lightning.pytorch.callbacks.RichModelSummary>
[2025-01-08 14:03:11,420][src.utils.instantiators][INFO] - Instantiating callback <lightning.pytorch.callbacks.RichProgressBar>
[2025-01-08 14:03:11,421][__main__][INFO] - Instantiating loggers...
[2025-01-08 14:03:11,421][src.utils.instantiators][WARNING] - No logger configs found! Skipping...
[2025-01-08 14:03:11,422][__main__][INFO] - Instantiating trainer <lightning.pytorch.trainer.Trainer>
[2025-01-08 14:03:11,494][__main__][INFO] - Starting training!
[2025-01-08 14:17:23,834][__main__][INFO] - Starting testing!
[2025-01-08 14:17:38,947][__main__][INFO] - Best ckpt path: /content/FYP/classification-clean/logs/Heatwave_2weeks_MJJAS_hw1SD_SMOTE_Classification_train/runs/2025-01-08_14-03-10/checkpoints/epoch_043.ckpt
[2025-01-08 14:17:38,949][src.utils.utils][INFO] - Output dir: /content/FYP/classification-clean/logs/Heatwave_2weeks_MJJAS_hw1SD_SMOTE_Classification_train/runs/2025-01-08_14-03-10
[2025-01-08 14:17:39,922][src.utils.utils][INFO] - Metric name is None! Skipping metric value retrieval...
[2025-01-08 15:19:57,188][src.utils.utils][INFO] - Disabling python warnings! <cfg.extras.ignore_warnings=True>
[2025-01-08 15:19:57,188][src.utils.utils][INFO] - Enforcing tags! <cfg.extras.enforce_tags=True>
[2025-01-08 15:19:57,194][src.utils.utils][INFO] - Printing config tree with Rich! <cfg.extras.print_config=True>
[2025-01-08 15:19:57,194][src.utils.rich_utils][WARNING] - Field 'logger' not found in config. Skipping 'logger' config printing...
[2025-01-08 15:19:57,342][__main__][INFO] - Instantiating datamodule <src.datamodules.time_datamodule.TimeDataModule>
[2025-01-08 15:19:57,400][__main__][INFO] - Instantiating model <src.models.time_module.TSModule>
[2025-01-08 15:19:57,454][__main__][INFO] - Instantiating callbacks...
[2025-01-08 15:19:57,454][src.utils.instantiators][INFO] - Instantiating callback <lightning.pytorch.callbacks.ModelCheckpoint>
[2025-01-08 15:19:57,457][src.utils.instantiators][INFO] - Instantiating callback <lightning.pytorch.callbacks.EarlyStopping>
[2025-01-08 15:19:57,458][src.utils.instantiators][INFO] - Instantiating callback <lightning.pytorch.callbacks.RichModelSummary>
[2025-01-08 15:19:57,459][src.utils.instantiators][INFO] - Instantiating callback <lightning.pytorch.callbacks.RichProgressBar>
[2025-01-08 15:19:57,460][__main__][INFO] - Instantiating loggers...
[2025-01-08 15:19:57,460][src.utils.instantiators][WARNING] - No logger configs found! Skipping...
[2025-01-08 15:19:57,460][__main__][INFO] - Instantiating trainer <lightning.pytorch.trainer.Trainer>
[2025-01-08 15:19:57,507][__main__][INFO] - Starting training!
[2025-01-08 15:28:25,984][__main__][INFO] - Starting testing!
[2025-01-08 15:28:33,031][__main__][INFO] - Best ckpt path: /content/FYP/classification-clean/logs/Heatwave_2weeks_MJJAS_hw1SD_SMOTE_Classification_train/runs/2025-01-08_15-19-57/checkpoints/epoch_042.ckpt
[2025-01-08 15:28:33,033][src.utils.utils][INFO] - Output dir: /content/FYP/classification-clean/logs/Heatwave_2weeks_MJJAS_hw1SD_SMOTE_Classification_train/runs/2025-01-08_15-19-57
[2025-01-08 15:28:34,662][src.utils.utils][INFO] - Metric name is None! Skipping metric value retrieval...
[2025-01-08 19:02:03,541][src.utils.utils][INFO] - Disabling python warnings! <cfg.extras.ignore_warnings=True>
[2025-01-08 19:02:03,542][src.utils.utils][INFO] - Enforcing tags! <cfg.extras.enforce_tags=True>
[2025-01-08 19:02:03,553][src.utils.utils][INFO] - Printing config tree with Rich! <cfg.extras.print_config=True>
[2025-01-08 19:02:03,553][src.utils.rich_utils][WARNING] - Field 'logger' not found in config. Skipping 'logger' config printing...
[2025-01-08 19:02:03,686][__main__][INFO] - Instantiating datamodule <src.datamodules.time_datamodule.TimeDataModule>
[2025-01-08 19:02:03,764][__main__][INFO] - Instantiating model <src.models.time_module.TSModule>
[2025-01-08 19:02:03,839][__main__][INFO] - Instantiating callbacks...
[2025-01-08 19:02:03,840][src.utils.instantiators][INFO] - Instantiating callback <lightning.pytorch.callbacks.ModelCheckpoint>
[2025-01-08 19:02:03,845][src.utils.instantiators][INFO] - Instantiating callback <lightning.pytorch.callbacks.EarlyStopping>
[2025-01-08 19:02:03,849][src.utils.instantiators][INFO] - Instantiating callback <lightning.pytorch.callbacks.RichModelSummary>
[2025-01-08 19:02:03,849][src.utils.instantiators][INFO] - Instantiating callback <lightning.pytorch.callbacks.RichProgressBar>
[2025-01-08 19:02:03,851][__main__][INFO] - Instantiating loggers...
[2025-01-08 19:02:03,851][src.utils.instantiators][WARNING] - No logger configs found! Skipping...
[2025-01-08 19:02:03,851][__main__][INFO] - Instantiating trainer <lightning.pytorch.trainer.Trainer>
[2025-01-08 19:02:03,956][__main__][INFO] - Starting training!
[2025-01-08 19:20:39,147][__main__][INFO] - Starting testing!
[2025-01-08 19:20:48,973][__main__][INFO] - Best ckpt path: /content/FYP/classification-clean/logs/Heatwave_1week_MJJAS_hw1SD_SMOTE_Classification_train/runs/2025-01-08_19-02-03/checkpoints/epoch_089.ckpt
[2025-01-08 19:20:48,977][src.utils.utils][INFO] - Output dir: /content/FYP/classification-clean/logs/Heatwave_1week_MJJAS_hw1SD_SMOTE_Classification_train/runs/2025-01-08_19-02-03
[2025-01-08 19:20:50,774][src.utils.utils][INFO] - Metric name is None! Skipping metric value retrieval...
[2025-01-08 19:31:06,393][src.utils.utils][INFO] - Disabling python warnings! <cfg.extras.ignore_warnings=True>
[2025-01-08 19:31:06,394][src.utils.utils][INFO] - Enforcing tags! <cfg.extras.enforce_tags=True>
[2025-01-08 19:31:06,403][src.utils.utils][INFO] - Printing config tree with Rich! <cfg.extras.print_config=True>
[2025-01-08 19:31:06,403][src.utils.rich_utils][WARNING] - Field 'logger' not found in config. Skipping 'logger' config printing...
[2025-01-08 19:31:06,522][__main__][INFO] - Instantiating datamodule <src.datamodules.time_datamodule.TimeDataModule>
[2025-01-08 19:31:06,581][__main__][INFO] - Instantiating model <src.models.time_module.TSModule>
[2025-01-08 19:31:06,608][__main__][INFO] - Instantiating callbacks...
[2025-01-08 19:31:06,609][src.utils.instantiators][INFO] - Instantiating callback <lightning.pytorch.callbacks.ModelCheckpoint>
[2025-01-08 19:31:06,614][src.utils.instantiators][INFO] - Instantiating callback <lightning.pytorch.callbacks.EarlyStopping>
[2025-01-08 19:31:06,616][src.utils.instantiators][INFO] - Instantiating callback <lightning.pytorch.callbacks.RichModelSummary>
[2025-01-08 19:31:06,617][src.utils.instantiators][INFO] - Instantiating callback <lightning.pytorch.callbacks.RichProgressBar>
[2025-01-08 19:31:06,617][__main__][INFO] - Instantiating loggers...
[2025-01-08 19:31:06,618][src.utils.instantiators][WARNING] - No logger configs found! Skipping...
[2025-01-08 19:31:06,618][__main__][INFO] - Instantiating trainer <lightning.pytorch.trainer.Trainer>
[2025-01-08 19:31:06,702][__main__][INFO] - Starting training!
[2025-01-08 19:44:12,503][__main__][INFO] - Starting testing!
[2025-01-08 19:44:22,320][__main__][INFO] - Best ckpt path: /content/FYP/classification-clean/logs/Heatwave_1week_MJJAS_hw1SD_SMOTE_Classification_train/runs/2025-01-08_19-31-06/checkpoints/epoch_059.ckpt
[2025-01-08 19:44:22,323][src.utils.utils][INFO] - Output dir: /content/FYP/classification-clean/logs/Heatwave_1week_MJJAS_hw1SD_SMOTE_Classification_train/runs/2025-01-08_19-31-06
[2025-01-08 19:44:23,379][src.utils.utils][INFO] - Metric name is None! Skipping metric value retrieval...
[2025-01-08 20:04:26,417][src.utils.utils][INFO] - Disabling python warnings! <cfg.extras.ignore_warnings=True>
[2025-01-08 20:04:26,417][src.utils.utils][INFO] - Enforcing tags! <cfg.extras.enforce_tags=True>
[2025-01-08 20:04:26,423][src.utils.utils][INFO] - Printing config tree with Rich! <cfg.extras.print_config=True>
[2025-01-08 20:04:26,423][src.utils.rich_utils][WARNING] - Field 'logger' not found in config. Skipping 'logger' config printing...
[2025-01-08 20:04:26,521][__main__][INFO] - Instantiating datamodule <src.datamodules.time_datamodule.TimeDataModule>
[2025-01-08 20:04:26,559][__main__][INFO] - Instantiating model <src.models.time_module.TSModule>
[2025-01-08 20:04:26,580][__main__][INFO] - Instantiating callbacks...
[2025-01-08 20:04:26,581][src.utils.instantiators][INFO] - Instantiating callback <lightning.pytorch.callbacks.ModelCheckpoint>
[2025-01-08 20:04:26,584][src.utils.instantiators][INFO] - Instantiating callback <lightning.pytorch.callbacks.EarlyStopping>
[2025-01-08 20:04:26,585][src.utils.instantiators][INFO] - Instantiating callback <lightning.pytorch.callbacks.RichModelSummary>
[2025-01-08 20:04:26,586][src.utils.instantiators][INFO] - Instantiating callback <lightning.pytorch.callbacks.RichProgressBar>
[2025-01-08 20:04:26,586][__main__][INFO] - Instantiating loggers...
[2025-01-08 20:04:26,587][src.utils.instantiators][WARNING] - No logger configs found! Skipping...
[2025-01-08 20:04:26,587][__main__][INFO] - Instantiating trainer <lightning.pytorch.trainer.Trainer>
[2025-01-08 20:04:26,632][__main__][INFO] - Starting training!
[2025-01-08 20:12:58,131][__main__][INFO] - Starting testing!
[2025-01-08 20:13:06,126][__main__][INFO] - Best ckpt path: /content/FYP/classification-clean/logs/Heatwave_2weeks_MJJAS_hw1SD_SMOTE_Classification_train/runs/2025-01-08_20-04-26/checkpoints/epoch_036.ckpt
[2025-01-08 20:13:06,128][src.utils.utils][INFO] - Output dir: /content/FYP/classification-clean/logs/Heatwave_2weeks_MJJAS_hw1SD_SMOTE_Classification_train/runs/2025-01-08_20-04-26
[2025-01-08 20:13:06,817][src.utils.utils][INFO] - Metric name is None! Skipping metric value retrieval...
[2025-01-08 20:17:20,551][src.utils.utils][INFO] - Disabling python warnings! <cfg.extras.ignore_warnings=True>
[2025-01-08 20:17:20,551][src.utils.utils][INFO] - Enforcing tags! <cfg.extras.enforce_tags=True>
[2025-01-08 20:17:20,560][src.utils.utils][INFO] - Printing config tree with Rich! <cfg.extras.print_config=True>
[2025-01-08 20:17:20,560][src.utils.rich_utils][WARNING] - Field 'logger' not found in config. Skipping 'logger' config printing...
[2025-01-08 20:17:20,746][__main__][INFO] - Instantiating datamodule <src.datamodules.time_datamodule.TimeDataModule>
[2025-01-08 20:17:20,788][__main__][INFO] - Instantiating model <src.models.time_module.TSModule>
[2025-01-08 20:17:20,816][__main__][INFO] - Instantiating callbacks...
[2025-01-08 20:17:20,816][src.utils.instantiators][INFO] - Instantiating callback <lightning.pytorch.callbacks.ModelCheckpoint>
[2025-01-08 20:17:20,821][src.utils.instantiators][INFO] - Instantiating callback <lightning.pytorch.callbacks.EarlyStopping>
[2025-01-08 20:17:20,823][src.utils.instantiators][INFO] - Instantiating callback <lightning.pytorch.callbacks.RichModelSummary>
[2025-01-08 20:17:20,825][src.utils.instantiators][INFO] - Instantiating callback <lightning.pytorch.callbacks.RichProgressBar>
[2025-01-08 20:17:20,826][__main__][INFO] - Instantiating loggers...
[2025-01-08 20:17:20,826][src.utils.instantiators][WARNING] - No logger configs found! Skipping...
[2025-01-08 20:17:20,826][__main__][INFO] - Instantiating trainer <lightning.pytorch.trainer.Trainer>
[2025-01-08 20:17:20,906][__main__][INFO] - Starting training!
[2025-01-08 20:25:18,459][__main__][INFO] - Starting testing!
[2025-01-08 20:25:26,836][__main__][INFO] - Best ckpt path: /content/FYP/classification-clean/logs/Heatwave_3weeks_MJJAS_hw1SD_SMOTE_Classification_train/runs/2025-01-08_20-17-20/checkpoints/epoch_032.ckpt
[2025-01-08 20:25:26,838][src.utils.utils][INFO] - Output dir: /content/FYP/classification-clean/logs/Heatwave_3weeks_MJJAS_hw1SD_SMOTE_Classification_train/runs/2025-01-08_20-17-20
[2025-01-08 20:25:27,554][src.utils.utils][INFO] - Metric name is None! Skipping metric value retrieval...
[2025-01-08 20:28:29,301][src.utils.utils][INFO] - Disabling python warnings! <cfg.extras.ignore_warnings=True>
[2025-01-08 20:28:29,302][src.utils.utils][INFO] - Enforcing tags! <cfg.extras.enforce_tags=True>
[2025-01-08 20:28:29,307][src.utils.utils][INFO] - Printing config tree with Rich! <cfg.extras.print_config=True>
[2025-01-08 20:28:29,308][src.utils.rich_utils][WARNING] - Field 'logger' not found in config. Skipping 'logger' config printing...
[2025-01-08 20:28:29,413][__main__][INFO] - Instantiating datamodule <src.datamodules.time_datamodule.TimeDataModule>
[2025-01-08 20:28:29,451][__main__][INFO] - Instantiating model <src.models.time_module.TSModule>
[2025-01-08 20:28:29,472][__main__][INFO] - Instantiating callbacks...
[2025-01-08 20:28:29,473][src.utils.instantiators][INFO] - Instantiating callback <lightning.pytorch.callbacks.ModelCheckpoint>
[2025-01-08 20:28:29,476][src.utils.instantiators][INFO] - Instantiating callback <lightning.pytorch.callbacks.EarlyStopping>
[2025-01-08 20:28:29,478][src.utils.instantiators][INFO] - Instantiating callback <lightning.pytorch.callbacks.RichModelSummary>
[2025-01-08 20:28:29,478][src.utils.instantiators][INFO] - Instantiating callback <lightning.pytorch.callbacks.RichProgressBar>
[2025-01-08 20:28:29,479][__main__][INFO] - Instantiating loggers...
[2025-01-08 20:28:29,479][src.utils.instantiators][WARNING] - No logger configs found! Skipping...
[2025-01-08 20:28:29,479][__main__][INFO] - Instantiating trainer <lightning.pytorch.trainer.Trainer>
[2025-01-08 20:28:29,525][__main__][INFO] - Starting training!
[2025-01-08 20:36:12,525][__main__][INFO] - Starting testing!
[2025-01-08 20:36:20,324][__main__][INFO] - Best ckpt path: /content/FYP/classification-clean/logs/Heatwave_4weeks_MJJAS_hw1SD_SMOTE_Classification_train/runs/2025-01-08_20-28-29/checkpoints/epoch_039.ckpt
[2025-01-08 20:36:20,326][src.utils.utils][INFO] - Output dir: /content/FYP/classification-clean/logs/Heatwave_4weeks_MJJAS_hw1SD_SMOTE_Classification_train/runs/2025-01-08_20-28-29
[2025-01-08 20:36:21,036][src.utils.utils][INFO] - Metric name is None! Skipping metric value retrieval...
[2025-01-08 20:38:38,660][src.utils.utils][INFO] - Disabling python warnings! <cfg.extras.ignore_warnings=True>
[2025-01-08 20:38:38,661][src.utils.utils][INFO] - Enforcing tags! <cfg.extras.enforce_tags=True>
[2025-01-08 20:38:38,666][src.utils.utils][INFO] - Printing config tree with Rich! <cfg.extras.print_config=True>
[2025-01-08 20:38:38,667][src.utils.rich_utils][WARNING] - Field 'logger' not found in config. Skipping 'logger' config printing...
[2025-01-08 20:38:38,770][__main__][INFO] - Instantiating datamodule <src.datamodules.time_datamodule.TimeDataModule>
[2025-01-08 20:38:38,798][__main__][INFO] - Instantiating model <src.models.time_module.TSModule>
[2025-01-08 20:38:38,815][__main__][INFO] - Instantiating callbacks...
[2025-01-08 20:38:38,815][src.utils.instantiators][INFO] - Instantiating callback <lightning.pytorch.callbacks.ModelCheckpoint>
[2025-01-08 20:38:38,818][src.utils.instantiators][INFO] - Instantiating callback <lightning.pytorch.callbacks.EarlyStopping>
[2025-01-08 20:38:38,819][src.utils.instantiators][INFO] - Instantiating callback <lightning.pytorch.callbacks.RichModelSummary>
[2025-01-08 20:38:38,820][src.utils.instantiators][INFO] - Instantiating callback <lightning.pytorch.callbacks.RichProgressBar>
[2025-01-08 20:38:38,820][__main__][INFO] - Instantiating loggers...
[2025-01-08 20:38:38,821][src.utils.instantiators][WARNING] - No logger configs found! Skipping...
[2025-01-08 20:38:38,821][__main__][INFO] - Instantiating trainer <lightning.pytorch.trainer.Trainer>
[2025-01-08 20:38:38,866][__main__][INFO] - Starting training!
[2025-01-08 20:45:32,914][__main__][INFO] - Starting testing!
[2025-01-08 20:45:39,744][__main__][INFO] - Best ckpt path: /content/FYP/classification-clean/logs/Heatwave_5weeks_MJJAS_hw1SD_SMOTE_Classification_train/runs/2025-01-08_20-38-38/checkpoints/epoch_032.ckpt
[2025-01-08 20:45:39,746][src.utils.utils][INFO] - Output dir: /content/FYP/classification-clean/logs/Heatwave_5weeks_MJJAS_hw1SD_SMOTE_Classification_train/runs/2025-01-08_20-38-38
[2025-01-08 20:45:40,701][src.utils.utils][INFO] - Metric name is None! Skipping metric value retrieval...
[2025-01-08 20:48:24,482][src.utils.utils][INFO] - Disabling python warnings! <cfg.extras.ignore_warnings=True>
[2025-01-08 20:48:24,482][src.utils.utils][INFO] - Enforcing tags! <cfg.extras.enforce_tags=True>
[2025-01-08 20:48:24,488][src.utils.utils][INFO] - Printing config tree with Rich! <cfg.extras.print_config=True>
[2025-01-08 20:48:24,488][src.utils.rich_utils][WARNING] - Field 'logger' not found in config. Skipping 'logger' config printing...
[2025-01-08 20:48:24,612][__main__][INFO] - Instantiating datamodule <src.datamodules.time_datamodule.TimeDataModule>
[2025-01-08 20:48:24,639][__main__][INFO] - Instantiating model <src.models.time_module.TSModule>
[2025-01-08 20:48:24,656][__main__][INFO] - Instantiating callbacks...
[2025-01-08 20:48:24,657][src.utils.instantiators][INFO] - Instantiating callback <lightning.pytorch.callbacks.ModelCheckpoint>
[2025-01-08 20:48:24,660][src.utils.instantiators][INFO] - Instantiating callback <lightning.pytorch.callbacks.EarlyStopping>
[2025-01-08 20:48:24,661][src.utils.instantiators][INFO] - Instantiating callback <lightning.pytorch.callbacks.RichModelSummary>
[2025-01-08 20:48:24,662][src.utils.instantiators][INFO] - Instantiating callback <lightning.pytorch.callbacks.RichProgressBar>
[2025-01-08 20:48:24,662][__main__][INFO] - Instantiating loggers...
[2025-01-08 20:48:24,663][src.utils.instantiators][WARNING] - No logger configs found! Skipping...
[2025-01-08 20:48:24,663][__main__][INFO] - Instantiating trainer <lightning.pytorch.trainer.Trainer>
[2025-01-08 20:48:24,714][__main__][INFO] - Starting training!
[2025-01-08 20:55:31,289][__main__][INFO] - Starting testing!
[2025-01-08 20:55:37,156][__main__][INFO] - Best ckpt path: /content/FYP/classification-clean/logs/Heatwave_6weeks_MJJAS_hw1SD_SMOTE_Classification_train/runs/2025-01-08_20-48-24/checkpoints/epoch_043.ckpt
[2025-01-08 20:55:37,158][src.utils.utils][INFO] - Output dir: /content/FYP/classification-clean/logs/Heatwave_6weeks_MJJAS_hw1SD_SMOTE_Classification_train/runs/2025-01-08_20-48-24
[2025-01-08 20:55:37,882][src.utils.utils][INFO] - Metric name is None! Skipping metric value retrieval...
